p cnf 823 463
-5 -1 101 0
-5 -7 -50 0
-5 7 50 0
-5 6 91 0
-5 -6 -91 0
-5 -96 13 0
-5 -59 6 0
-5 59 -6 0
-5 -7 3 0
5 -101 0
5 -7 50 0
5 7 -50 0
5 -6 91 0
5 6 -91 0
5 59 6 0
-1 3 19 0
-1 -3 -19 0
-1 2 11 0
-1 -2 -11 0
1 -101 0
1 -3 19 0
1 3 -19 0
1 -85 13 0
1 -2 11 0
1 2 -11 0
1 -11 22 0
1 11 -22 0
1 -102 13 0
-101 -102 124 0
-101 124 -13 0
101 13 0
101 -124 0
101 3 -7 0
101 -102 159 0
-35 -13 -313 0
-35 -13 663 0
-35 -13 159 0
35 -457 0
35 13 0
35 -541 0
35 550 0
35 341 -379 0
35 347 -379 0
35 313 7 0
35 -3 313 0
35 -159 -124 0
-13 202 0
-13 301 0
-13 352 0
-13 96 0
-13 341 0
-13 85 0
-13 111 0
-13 70 0
-13 306 0
-13 330 0
-13 -541 0
-13 674 0
-13 40 0
-13 147 0
-13 403 0
-13 550 0
-13 191 0
-13 619 0
-13 379 391 0
-13 528 522 0
-13 347 -379 0
-13 -655 663 0
-13 -457 447 0
-13 -460 490 0
-13 -447 490 0
-13 -347 379 0
-13 91 -123 0
-13 -91 123 0
-13 -380 391 0
-13 -358 -457 0
-13 -159 102 0
-13 159 -102 0
13 -330 0
13 -352 59 0
13 -352 -50 0
13 -96 6 0
13 -341 -22 0
13 -341 19 0
13 -85 -2 0
13 -111 96 0
13 -528 -522 0
13 7 -301 0
13 3 -301 0
13 7 -306 0
13 3 -306 0
13 11 -111 0
13 -202 -619 0
13 202 619 0
13 -674 76 0
13 -674 -586 0
13 59 -70 0
13 -6 -70 0
13 7 -313 0
13 3 -313 0
13 460 -490 0
13 447 -490 0
13 -102 91 0
13 -102 11 0
13 102 -124 0
13 50 541 0
13 19 541 0
13 -634 301 0
13 634 -301 0
-2 -6 102 0
2 3 0
2 -102 0
-6 -7 3 0
6 7 0
6 -102 0
91 -100 0
91 -123 111 0
-102 159 191 0
102 -159 191 0
102 147 -202 0
-96 -100 -85 0
96 -100 85 0
-111 85 123 0
111 85 -123 0
-191 -522 571 0
-191 301 -541 0
-191 147 -202 0
191 522 -571 0
191 -202 -619 0
191 202 619 0
191 301 541 0
191 -301 -541 0
191 -634 301 0
191 634 -301 0
3 -11 22 0
3 11 -22 0
-19 -70 460 0
-19 -460 70 0
-19 22 336 0
-19 -22 -336 0
-19 -50 -541 0
19 -460 0
19 -22 336 0
19 22 -336 0
19 22 -76 0
19 383 541 0
7 59 0
-50 -40 503 0
-50 -503 40 0
-50 -59 -504 0
-50 59 347 0
-50 -59 -347 0
50 -503 0
50 59 -504 0
50 -59 347 0
50 59 -347 0
50 59 -76 0
50 383 541 0
-541 -380 0
-541 -383 347 0
-541 -383 336 0
541 -625 550 0
541 571 565 0
541 380 383 0
-301 744 0
-301 -649 -306 0
-301 649 306 0
301 -625 550 0
-100 11 0
-202 -537 586 0
-202 586 -571 0
202 571 -586 0
202 537 -586 0
-22 358 -59 0
-22 -358 59 0
22 -358 0
336 -461 0
336 -356 0
336 341 -379 0
336 347 -379 0
347 -356 0
347 352 -379 0
-383 -380 0
358 -457 403 0
358 391 -447 0
-550 -306 625 0
550 306 -625 0
550 571 565 0
-306 -649 744 0
-306 625 619 0
-306 -649 -634 0
306 649 -744 0
306 -625 -619 0
306 649 -634 0
-352 -356 -341 0
352 -356 341 0
352 341 -379 0
-447 -460 490 0
447 460 -490 0
-70 -40 -76 0
70 -461 0
70 40 -76 0
40 -504 0
-522 571 565 0
522 -571 -565 0
-565 -313 640 0
-565 -625 640 0
565 313 -640 0
565 625 -640 0
-313 -744 -663 0
-313 744 663 0
-313 -663 759 0
-313 759 -744 0
-313 -625 640 0
313 -744 663 0
313 744 -663 0
313 744 -759 0
313 663 -759 0
313 625 -640 0
-634 744 0
-537 586 -571 0
537 571 -586 0
-580 -330 655 0
-580 -640 655 0
580 640 -655 0
580 330 -655 0
-330 -674 -759 0
-330 -640 655 0
330 640 -655 0
330 -674 759 0
-663 759 -744 0
663 744 -759 0
-379 391 380 -35 0
50 504 -59 -40 0
59 504 -50 -40 0
-571 -202 580 -537 0
-537 580 571 202 0
-537 -580 -571 202 0
-537 -580 571 -202 0
-571 537 202 580 0
-571 -202 537 -580 0
571 -202 537 580 0
-580 537 571 202 0
-625 565 634 313 0
-313 565 625 634 0
-565 -625 -313 634 0
-565 -625 313 -634 0
-565 -313 625 -634 0
-565 625 313 634 0
565 -625 -313 -634 0
-634 565 625 313 0
-379 -380 13 -391 0
-391 379 380 13 0
-379 35 380 -391 0
379 -380 -35 391 0
537 -499 -528 -504 0
537 -499 528 504 0
-499 -528 504 -537 0
-499 528 -504 -537 0
499 -528 -504 -537 0
499 -528 504 537 0
-504 528 499 537 0
-537 528 499 504 0
-640 580 649 330 0
-330 580 640 649 0
-580 -640 -330 649 0
-580 -640 330 -649 0
-580 -330 640 -649 0
-580 640 330 649 0
580 -640 -330 -649 0
-649 580 640 330 0
50 352 -59 -35 0
22 -19 461 -70 0
19 -336 461 -70 0
5 -6 96 -35 0
-19 341 22 -35 0
-301 -191 541 13 0
85 2 -1 -35 0
-100 147 -35 124 0
-100 147 -35 123 0
-100 -147 13 -124 -123 0
-124 147 100 -35 -123 0
-147 100 13 124 0
100 -147 13 123 0
-380 -379 13 -403 -356 0
-403 356 380 13 0
-403 379 13 356 0
-380 -379 -35 403 356 0
-356 403 380 -35 0
-356 403 379 -35 0
356 -347 -336 -341 352 0
356 -347 -336 341 -352 0
-85 -91 -123 -111 13 0
-111 123 91 13 0
-22 76 -40 70 -59 0
-22 76 -40 70 -50 0
-22 76 40 -70 -59 0
-22 76 40 -70 -50 0
76 -40 -19 70 -59 0
76 -40 -19 70 -50 0
76 -19 40 -70 -59 0
76 -19 40 -70 -50 0
-457 -499 -490 461 0
-457 -499 490 -461 0
-457 499 -490 -461 0
-457 499 490 461 0
-499 -490 457 13 -461 0
-499 457 13 490 461 0
-490 499 457 13 461 0
-461 499 457 13 490 0
-13 -499 -490 461 0
-13 -499 490 -461 0
-13 499 -490 -461 0
-13 499 490 461 0
-191 159 102 13 0
-7 -3 301 -35 0
-96 2 111 -1 -35 0
-91 100 2 -1 -96 85 0
-91 100 2 -1 96 -85 0
1 -11 -91 -96 100 85 0
1 -11 -91 96 100 -85 0
1 -11 -35 111 -96 0
-22 -11 -3 -1 0
11 -3 -1 22 0
-301 -306 -541 -550 619 0
-301 -306 -541 550 -619 0
-301 306 -541 -550 -619 0
-301 625 -541 619 0
301 -306 -550 -619 0
619 -550 306 301 0
550 -619 306 301 0
-306 -550 541 -619 0
619 -550 306 541 0
550 -619 306 541 0
674 -76 -35 655 586 0
-7 5 -59 -6 0
-59 6 70 -35 0
-341 -347 352 379 0
336 -341 -347 379 0
35 -341 -347 379 0
-40 22 -11 13 0
-40 1 2 13 0
40 11 -35 -2 0
40 11 -35 -1 0
-22 40 -2 -35 0
-22 40 -35 -1 0
-358 -383 13 -550 541 0
541 -550 383 358 13 0
-586 -76 13 655 -663 0
-586 35 655 -663 0
586 -76 -13 663 0
586 -76 -35 655 663 0
-663 586 655 76 13 0
76 35 655 -663 0
-655 -674 663 -35 0
-306 -7 -35 -3 330 0
-330 306 7 -35 0
-330 306 3 -35 0
35 -7 3 -313 0
-503 -522 -460 447 0
-503 -522 460 -447 0
-503 522 -460 -447 0
-503 522 460 447 0
-522 -460 503 -447 0
-522 447 503 460 0
-460 522 503 447 0
-447 522 503 460 0
-528 -460 13 -447 0
-528 447 460 13 0
-460 522 528 490 0
-447 522 528 490 0
-528 -522 460 -490 0
-528 -522 447 -490 0
-352 -336 -35 341 379 0
-85 -91 123 111 0
-313 -7 -35 330 -3 0
-358 -383 550 -541 0
550 383 358 -541 0
528 -13 -460 -447 0
528 -13 460 447 0
-352 -336 13 -341 -347 -379 0
-352 -336 13 347 379 0
586 -76 13 -655 -663 0
-358 383 -550 -541 0
358 -383 -550 -541 0
-358 383 550 541 0
358 -383 550 541 0
-403 457 13 358 0
101 -6 3 -5 0
-7 -6 -5 2 0
-7 -6 -5 101 0
-7 -6 2 101 0
-7 2 -5 101 0
-91 2 124 -101 -35 -11 0
-522 -191 -550 -541 -565 0
-191 522 -550 -541 565 0
-565 522 -550 191 -541 0
-571 -550 191 -541 0
550 -522 -191 565 0
550 -522 191 -565 0
550 522 -191 -565 0
-522 -191 541 565 0
-522 541 191 -565 0
522 -191 541 -565 0
674 -759 330 -76 0
674 -759 330 35 0
674 -759 330 -663 0
674 -759 330 655 0
-330 674 759 -76 0
-330 674 759 35 0
-330 674 759 -663 0
-330 674 759 655 0
-759 -330 76 -35 663 -655 0
-655 76 759 330 -35 663 0
-586 -76 -35 663 -655 0
-586 655 76 -35 663 0
-586 -663 76 -655 13 0
-655 586 76 -35 663 0
-13 -50 -383 -19 0
541 383 347 13 0
541 383 336 13 0
-383 -347 -50 -19 -336 -35 0
-13 -358 447 -35 0
-13 -358 447 -383 0
-13 358 -447 -35 0
-391 -358 447 -383 0
391 -358 447 383 0
391 -447 -457 403 0
391 -447 -35 403 -383 0
-358 447 -457 -403 -383 0
-447 -457 403 383 0
-358 457 -35 403 -383 0
-391 -358 -447 35 383 0
-391 447 358 35 0
-391 447 358 13 0
-447 391 13 -383 0
-447 457 13 -403 383 0
-347 383 -541 -336 0
-634 -301 -619 -202 0
-649 306 634 301 0
649 -306 634 301 0
-744 306 634 301 0
-634 301 619 202 0
634 -301 619 202 0
-202 -619 634 301 0
-159 147 -102 -35 202 -101 0
-159 -147 -102 -202 13 0
-159 -191 -102 13 0
-147 159 102 -35 202 0
-13 -123 159 124 0
-123 -159 13 -124 0
-159 123 13 124 0
-123 159 124 -35 0
123 -159 35 102 0
123 -159 35 -101 0
-124 159 123 -35 0
-147 159 -35 202 -191 0
-391 -358 457 -35 403 0
-391 -358 -457 -403 0
-147 202 102 -35 0
-147 202 -35 -191 0
-159 147 -35 -202 101 0
-147 202 -102 -35 101 0
