p cnf 3260 1182
-2 186 0
-2 -50 6 0
-2 -14 -119 0
-2 -205 4 0
-2 -113 14 0
-2 205 -4 0
-2 -4 3203 0
-2 -175 4 0
-2 -6 -44 0
-2 -4 175 0
2 -205 0
2 4 0
2 -3203 0
2 50 -6 0
2 -4 -186 0
2 -113 -14 0
2 113 14 0
2 -175 -4 0
2 4 175 0
2 -6 44 0
2 6 -44 0
-4 86 0
-4 -579 0
-4 -452 0
-4 -726 0
-4 365 0
-4 365 0
-4 365 0
-4 365 0
-4 365 0
-4 365 0
-4 365 0
-4 365 0
-4 -154 134 0
-4 -3218 3203 0
-4 -134 143 0
-4 -143 134 0
-4 -645 630 0
-4 645 -630 0
-4 205 -186 0
-4 365 0
-4 205 -186 0
-4 630 -186 0
-4 -452 -365 0
-4 365 452 0
-4 -205 186 0
4 -365 0
4 -365 0
4 -365 0
4 -205 0
4 -365 0
4 3203 0
4 -365 0
4 186 0
4 186 0
4 -726 0
4 -365 0
4 -365 0
4 -365 0
4 -365 0
4 -365 0
4 -365 0
4 -205 0
4 -365 0
4 -365 0
4 -3218 3203 0
4 -175 186 0
4 -86 68 0
4 -154 -134 0
4 143 134 0
4 -134 -143 0
4 154 134 0
4 579 -365 0
4 -186 -205 0
4 186 205 0
4 -645 630 0
4 -630 645 0
4 -365 0
4 -630 -186 0
4 -365 452 0
4 -365 452 0
4 -452 365 0
4 -7 -86 0
4 -50 -86 0
-175 -487 0
-175 -482 0
-175 504 -205 0
175 -504 0
175 482 0
175 487 0
-482 516 -493 0
-482 -205 607 0
482 -607 0
482 -516 0
482 -516 0
482 -516 487 0
482 -516 493 0
-205 -493 0
-205 630 0
205 -504 0
205 -607 0
205 -630 0
205 493 0
205 645 -504 0
205 -645 504 0
-493 -487 516 0
493 -516 0
493 -516 0
493 -516 0
-516 -579 0
-516 -504 0
-516 487 0
-516 487 0
-516 579 -504 0
516 504 579 0
516 -579 -504 0
516 504 579 0
-504 -579 0
-504 -645 -607 0
-504 607 645 0
504 645 -607 0
504 607 -645 0
-579 771 0
-579 452 0
-579 -365 0
-579 -365 0
-579 365 0
-579 365 0
579 -771 0
-365 -890 0
-365 -726 0
-365 -771 0
-365 -899 -890 0
-365 890 899 0
-365 795 726 0
-365 -795 -726 0
365 -771 0
365 -890 899 0
365 890 -899 0
365 -726 795 0
365 -795 726 0
-452 771 0
-452 890 -795 0
-452 795 884 0
-452 -795 -884 0
452 -890 0
452 -890 795 0
452 -795 884 0
452 795 -884 0
-630 186 0
795 -890 0
-884 1579 0
-884 2699 -2590 0
-884 2699 -2684 0
-884 2797 -899 0
-884 899 -2797 0
884 -2699 2684 0
884 -2699 2590 0
884 899 2797 0
884 -899 -2797 0
884 2797 899 0
884 -2797 -899 0
884 -1579 0
-6 14 0
-6 -917 0
-6 -1018 0
-6 -1018 0
-6 917 944 0
-6 -927 944 0
-6 44 50 0
-6 -1579 -1031 0
-6 1579 1031 0
-6 -1039 -1106 0
-6 -1106 -1039 0
-6 1106 1039 0
6 917 0
6 -44 -50 0
6 -14 7 0
6 1579 -1031 0
6 -1579 1031 0
6 1039 -1106 0
6 1106 -1039 0
6 1018 -995 0
6 1018 -995 0
6 3218 7 0
-44 -1671 0
-44 158 0
-44 1670 0
-44 1753 -1780 0
-44 -1780 1753 0
-44 -1780 1670 0
-44 -113 1784 0
44 50 0
44 1671 0
44 -1670 0
44 -1784 0
-14 -995 0
-14 -1403 0
-14 -1251 0
-14 944 -1403 0
-14 113 119 0
-14 1262 -927 0
-14 -119 -113 0
-14 7 3218 0
14 -1262 0
14 995 0
14 119 0
14 1251 0
14 944 -1403 0
14 1403 -944 0
-113 1748 0
-113 1753 0
-113 -143 -2533 0
-113 -128 -2532 0
-113 2531 -86 0
-113 -1727 1716 0
113 -1753 0
113 119 0
113 -1748 0
113 -2531 0
113 -1784 0
113 -143 1727 0
113 -2532 128 0
113 -128 1727 0
-1748 -1670 1771 0
1748 -1780 0
1748 -1771 0
1748 1670 -1780 0
1748 1753 -1780 0
-1771 1670 0
-1771 1784 0
-1771 1784 0
-1771 1784 0
1771 -1784 0
1771 -1784 0
1771 -1784 0
1771 -1848 1780 0
1771 -1780 1848 0
-1784 1780 -1848 0
-1784 -1780 1848 0
-1784 -1780 -1859 0
-995 1018 -917 0
995 -1018 0
995 -1018 0
995 -1018 0
-1018 917 0
-1018 917 0
-1018 -1031 0
-1018 1031 1028 0
-1018 1039 1028 0
-1018 1039 1028 0
-1018 -1031 0
1018 -1028 0
1018 -1039 0
1018 -1028 0
1018 1031 0
1018 -1039 1028 0
1018 -1039 1028 0
1018 1031 0
-1031 -1028 0
-1031 -1039 0
1031 1039 -1106 0
-1579 3060 0
-1579 -1592 -2857 0
-1579 1592 2857 0
-1579 -2827 -2842 0
-1579 1455 -1405 0
1579 -1455 1337 0
1579 1405 -1455 0
1579 -2827 2842 0
-899 2714 -2605 0
-899 2714 -2699 0
-899 -2797 3015 0
-899 2812 -2797 0
899 -2812 0
899 -3015 0
899 -2714 2605 0
899 -2714 2699 0
-1753 1780 -1670 0
1753 -1780 0
1753 -1780 0
-1780 1670 0
-1780 1670 0
-1848 2223 -2174 0
-1848 2223 -2208 0
-1848 2351 2345 0
1848 -2351 0
1848 -2223 2174 0
1848 -2223 2208 0
-50 -59 7 0
-50 59 -7 0
-50 68 -86 0
50 86 7 0
50 59 7 0
50 -7 -59 0
-7 -924 0
-7 -927 -917 0
-7 927 917 0
-7 68 -86 0
7 924 0
7 927 -917 0
7 -927 917 0
-59 158 0
-59 1677 0
-59 -2430 1671 0
-59 -2431 -68 0
-59 -1865 -68 0
-59 1865 68 0
-59 1870 68 0
59 -1870 0
59 -1677 0
59 -2430 -1671 0
59 1865 -68 0
59 -1865 68 0
59 1912 -1899 0
59 -1912 1899 0
59 68 -1692 0
-1677 2117 -1727 0
-1677 1993 1686 0
-1677 -1993 -1686 0
-1677 1686 1998 0
1677 -1998 0
1677 -2117 0
1677 1993 -1686 0
1677 -1993 1686 0
1677 -1733 1686 0
1677 2040 -2027 0
1677 -2040 2027 0
-119 134 0
-119 -128 0
119 -134 0
119 128 0
-128 -1881 0
-128 1707 0
-128 -143 -2533 0
-128 -1876 -143 0
-128 1876 143 0
-128 1727 -143 0
128 -1707 0
128 1876 -143 0
128 -1876 143 0
128 1912 -1899 0
128 -1912 1899 0
128 1881 -143 0
128 143 -1727 0
-1707 -2009 0
-1707 2155 -1697 0
-1707 -2156 -1716 0
-1707 2004 1716 0
-1707 -2004 -1716 0
1707 -2155 0
1707 -2156 1716 0
1707 2004 -1716 0
1707 -2004 1716 0
1707 -1733 1716 0
1707 2040 -2027 0
1707 -2040 2027 0
1707 -1716 2009 0
-2193 -2351 -1958 0
-2193 -2027 -2040 0
-2193 2040 2027 0
2193 2202 -2277 0
2193 -2351 1958 0
2193 -2027 2040 0
2193 -2040 2027 0
-1958 2381 -2286 0
-1958 -1912 -1899 0
-1958 1912 1899 0
-1958 -2366 2381 0
1958 -2381 2366 0
1958 -2381 2286 0
1958 2202 -2277 0
1958 1912 -1899 0
1958 -1912 1899 0
-2345 -2351 0
-2345 2648 0
2345 2663 -2360 0
2345 -2663 2360 0
2345 -2648 0
-2648 2803 0
-2648 2803 -1592 0
-2648 -1592 2797 0
-2648 1592 -2797 0
2648 -2803 1592 0
2648 -1592 -2797 0
2648 2797 1592 0
-1028 -1039 0
-1028 -1039 0
-1039 -1106 0
-924 1405 0
-924 -927 -1283 0
-924 -927 -1274 0
-924 -1283 -927 0
924 -1405 0
924 -1283 0
924 -1283 0
924 -1403 927 0
924 927 -1283 0
924 927 -1274 0
924 -1283 927 0
-1405 -1440 0
-1405 1284 -1274 0
-1405 1455 1449 0
1405 1440 0
1405 1274 -1308 0
1405 -1449 -1455 0
-1440 1592 0
1440 -1592 0
-1592 2803 0
-1592 3060 -2857 0
-1592 -2842 -2857 0
1592 -3060 2857 0
1592 -2842 2857 0
2797 -2812 0
2797 -3015 0
-1859 2238 -2189 0
-1859 2366 -2271 0
-1859 -2223 2238 0
-1859 2366 -2351 0
1859 -2238 2223 0
1859 -2238 2189 0
1859 -2366 2271 0
1859 -2366 2351 0
-68 -1870 0
-68 86 0
-68 158 0
-68 -143 1887 0
-68 1692 -1670 0
-68 -2431 1671 0
-68 -1686 -1670 0
-68 1670 1686 0
68 -1887 0
68 -1692 0
68 -1692 1670 0
68 -1686 1670 0
-1670 2429 -154 0
-1670 1686 1692 0
1670 -2429 0
1670 -1686 -1692 0
-1686 -1998 0
-1686 2015 -1716 0
1686 -2015 0
-1993 -2004 2027 0
1993 -2118 0
1993 -2036 0
1993 -2027 0
1993 -2036 1998 0
1993 -2036 2004 0
-134 -154 0
143 -1881 0
143 -1887 0
1716 -2009 0
1716 -2015 0
2004 -2036 0
2004 -2027 0
2004 -2036 2009 0
-2027 2040 2037 0
2027 -2037 0
-2040 -2037 0
-2040 2061 -2015 0
-2040 -2161 -2015 0
-2040 2161 2015 0
2040 -2061 0
2040 -2161 2015 0
2040 2161 -2015 0
-2015 -2104 -2072 0
-2015 2104 2072 0
-2015 2114 -2072 0
2015 -2061 0
2015 -2114 0
2015 2104 -2072 0
2015 -2104 2072 0
-2161 2202 2208 0
-2161 2202 0
2161 -2208 0
2161 -2208 0
2161 -2202 0
-2202 -2208 0
-2202 2277 -1963 0
2202 -2277 1963 0
-1865 -1876 1899 0
1865 -1908 0
1865 -1899 0
1865 -1908 0
1865 -1908 1876 0
1876 -1908 0
1876 -1899 0
1876 -1908 1881 0
1899 -1920 1908 0
-1912 1933 -1887 0
-1912 -1963 -1887 0
-1912 1963 1887 0
-1912 -1920 1908 0
1912 -1933 0
1912 1963 -1887 0
1912 -1963 1887 0
-1887 -1976 -1944 0
-1887 1976 1944 0
-1887 -1944 -1956 0
1887 -1933 0
1887 1976 -1944 0
1887 -1976 1944 0
1887 1944 -1956 0
1887 -1944 1956 0
-1963 2396 -2301 0
-1963 2271 2277 0
-1963 -2381 2396 0
1963 -2396 2381 0
1963 -2396 2301 0
1963 -2271 -2277 0
-2271 2366 -2351 0
2271 -2366 2351 0
-2360 2663 2669 0
-2360 2663 0
2360 -2669 0
2360 -2663 0
-2663 -2669 0
-2663 2818 -1449 0
-2663 2818 -2803 0
2663 -2818 1449 0
2663 -2818 2803 0
-1106 1449 0
-1106 -1449 0
-1106 1613 -1449 0
-1106 1485 -1436 0
-1106 -1470 1485 0
1106 -1613 0
1106 -1613 1449 0
1106 -1485 1470 0
1106 -1485 1436 0
-917 927 -944 0
917 944 0
-927 944 0
-927 -1283 0
-927 -1283 0
927 -1262 0
1251 -1283 0
1251 -1274 0
1251 -1283 0
1274 -1284 0
-1262 -1284 0
-1262 1357 1351 0
1262 -1357 0
1262 -1337 -1284 0
-1337 -1308 0
-1337 1449 1455 0
-1449 -2872 -3060 0
-1449 2872 3060 0
-1449 3075 -2872 0
-1449 2818 -2803 0
-1449 -3060 3075 0
1449 -1613 0
1449 2872 -3060 0
1449 -2872 3060 0
1449 -3075 3060 0
1449 -3075 2872 0
1449 -2818 2803 0
2812 -3015 0
-2009 -1998 -2036 0
2009 1998 -2036 0
2009 -2036 1998 0
-2036 2061 2037 0
2036 -2061 2072 0
-2104 -2114 0
-2104 2142 -2117 0
-2104 -2117 -2180 0
2104 -2142 0
2104 2117 -2180 0
-1727 -1697 -1733 0
1727 -2118 0
1727 -2117 0
1727 1697 -1733 0
2117 -2142 0
-1671 -1697 0
-1671 -1692 0
1671 -1697 -1692 0
1671 1697 1692 0
1697 -2156 0
1697 -2155 0
-2174 -2180 0
-2174 2223 -2208 0
2174 -2223 2208 0
-2217 2292 -1976 0
-2217 -2277 2292 0
2217 -2292 1976 0
2217 -2292 2277 0
-1881 -1870 -1908 0
1881 1870 -1908 0
1881 -1908 1870 0
-1908 -1956 1920 0
-1908 -1933 -1956 0
1908 -1956 1933 0
1908 -1956 1920 0
-1920 -1944 -1933 0
-1920 1944 1933 0
1920 -1944 1933 0
1920 1944 -1933 0
-1944 -1976 1956 0
-1944 -2232 2307 0
-1944 2307 -2292 0
1944 -1976 -1956 0
1944 2232 -2307 0
1944 -2307 2292 0
-1976 2411 -2315 0
-1976 2411 -2396 0
-1976 -2277 2292 0
1976 -2292 2277 0
1976 -2411 2396 0
1976 -2411 2315 0
-2286 -2366 2381 0
2286 -2381 2366 0
-2375 2473 0
-2375 2473 154 0
2375 -2473 0
2375 -2473 154 0
-154 -86 -160 0
154 -2430 0
154 -2431 0
154 -2429 0
154 86 -160 0
-2473 2575 0
-2473 2575 0
-2473 2575 86 0
2473 -2575 0
2473 -2575 86 0
86 -2533 0
86 -2531 0
86 -2532 0
-2575 -2669 2684 0
-2575 2678 2669 0
-2575 -2678 -2669 0
2575 -2684 0
2575 -2684 2669 0
2575 2678 -2669 0
2575 -2678 2669 0
2669 -2684 0
-2678 2833 -1464 0
-2678 -2818 2833 0
2678 -2833 1464 0
2678 -2833 2818 0
-1283 1295 1284 0
-1283 1295 1284 0
1283 -1295 0
1283 -1284 0
1283 1284 -1295 0
1283 -1295 1284 0
-1284 -1308 0
-1284 -1295 0
-1284 -1295 0
-1295 1308 0
-1295 -1308 -1357 0
1308 -1357 0
-1351 -1357 0
-1351 -1402 -1421 0
-1351 1402 1421 0
-1351 1427 1421 0
1351 -1427 0
1351 -1402 1421 0
1351 1402 -1421 0
-944 1402 0
944 -1403 0
944 -1402 0
-1421 -1427 0
-1421 1470 -1455 0
-1421 -1464 -1455 0
-1421 1455 1464 0
1421 -1470 0
1421 -1470 1455 0
1421 1464 -1455 0
1421 -1464 1455 0
1455 -1470 0
-1464 -1613 0
-1464 -1613 1628 0
-1464 -2818 2833 0
1464 -1628 0
1464 -1613 0
1464 -1628 1613 0
1464 -2833 2818 0
1464 -1652 1637 0
1613 -1628 0
-2827 3015 0
2827 -3015 0
-2189 -2223 2238 0
2189 -2238 2223 0
-2232 2307 -2292 0
2232 -2307 2292 0
-2301 -2381 2396 0
2301 -2396 2381 0
-2390 2494 -2429 0
-2390 2488 2429 0
-2390 -2429 -2488 0
2390 -2494 0
2390 -2494 2429 0
2390 -2429 2488 0
2390 -2488 2429 0
2429 -2494 0
-2488 2596 -2531 0
-2488 2590 2531 0
-2488 -2590 -2531 0
2488 -2596 0
2488 -2596 2531 0
2488 -2531 2590 0
2488 -2590 2531 0
2531 -2596 0
-2590 2699 -2684 0
2590 -2699 2684 0
-2693 2848 -1637 0
-2693 2848 -2833 0
2693 -2848 2833 0
2693 -2848 1637 0
1403 1554 -1479 0
1403 1485 -1479 0
1403 -1485 1479 0
-1436 -1470 1485 0
1436 -1485 1470 0
-1479 -1554 0
-1479 -1485 0
-1479 -1637 -1628 0
-1479 1554 -1485 0
-1479 1658 1652 0
-1479 -1658 -1652 0
-1479 1658 1652 0
-1479 1658 1637 0
1479 -1554 0
1479 -1658 0
1479 -1658 0
1479 -1658 0
1479 -1652 0
1479 -1637 1628 0
1479 1637 -1628 0
1479 -1652 1628 0
1479 1658 -1652 0
1628 -1658 0
-1637 2848 -2833 0
-1637 1652 -2737 0
-1637 1652 160 0
-1637 1652 -2729 0
-1637 -2878 1652 0
1637 -2848 2833 0
1637 -1652 2878 0
1637 -1652 2737 0
-2842 3060 0
-1733 -2327 -2307 0
1733 2307 -2327 0
-2238 2307 -2327 0
2238 -2327 -2307 0
-2307 -2327 -2315 0
2307 -2327 2315 0
-2315 2411 -2396 0
2315 -2411 2396 0
-2405 2509 -2430 0
-2405 -2494 2509 0
2405 -2509 2430 0
2405 -2509 2494 0
-2430 -2494 2509 0
2430 -2509 2494 0
-2503 2611 -2532 0
-2503 2611 -2596 0
2503 -2611 2596 0
2503 -2611 2532 0
-2532 2611 -2596 0
2532 -2611 2596 0
-2605 2714 -2699 0
2605 -2714 2699 0
-2708 2863 -1652 0
-2708 -2848 2863 0
2708 -2863 1652 0
2708 -2863 2848 0
-1652 -1658 0
-1652 -2848 2863 0
-1652 2878 -2723 0
-1652 2878 -2863 0
1652 -2863 2848 0
1652 -2878 2723 0
1652 -2878 2863 0
1652 -2878 160 0
1652 -2737 160 0
1652 -2878 -2729 0
1652 -2737 -2729 0
-2620 2729 -2714 0
-2620 2714 2723 0
-2620 -2714 -2723 0
2620 -2729 0
2620 -2729 2714 0
2620 -2714 2723 0
2620 -2723 2714 0
2714 -2729 0
-2723 2878 -2863 0
2723 -2878 2863 0
-2872 -3060 3075 0
2872 -3075 3060 0
158 -160 0
-160 -2737 -2729 0
-160 2737 2729 0
160 -2737 2729 0
160 2737 -2729 0
-3203 3218 0
59 68 44 -158 0
2518 -2431 -2509 -2420 0
-2420 2518 2509 2431 0
-2509 -2518 2431 -2420 0
-2420 -2431 2509 -2518 0
2518 -2509 2420 2431 0
-2431 2420 -2509 -2518 0
-2431 2509 2420 2518 0
-2518 2420 2509 2431 0
-2351 2271 2360 1859 0
-2271 2360 1859 2351 0
-2351 -2271 1859 -2360 0
-2360 2271 1859 2351 0
-2351 -1859 2271 -2360 0
-2351 -1859 2360 -2271 0
-2271 -2360 -1859 2351 0
2271 -1859 2360 2351 0
-1697 -1716 2156 1707 0
-1697 -1707 1716 2156 0
143 -128 2533 -86 0
2430 -154 -59 -1671 0
2430 -154 59 1671 0
2375 -2366 2286 1958 0
2375 -2286 1958 2366 0
-2286 -2375 -2366 1958 0
-2375 2286 1958 2366 0
2286 -2375 -2366 -1958 0
-2286 -1958 -2366 2375 0
-2286 -1958 -2375 2366 0
-1958 2375 2286 2366 0
-2301 -2381 2390 -1963 0
-1963 2301 2381 2390 0
-2390 -2381 2301 -1963 0
-2301 -2390 -1963 2381 0
2301 -2381 1963 2390 0
-2390 -2301 -2381 1963 0
-2301 2390 2381 1963 0
-2390 2301 1963 2381 0
-2863 1652 2723 2872 0
-1652 2863 2723 2872 0
-2863 -1652 2723 -2872 0
2863 -2872 2723 1652 0
-2723 -2863 1652 -2872 0
-2723 -2863 2872 -1652 0
-1652 -2723 2863 -2872 0
-2723 2863 2872 1652 0
-1671 -154 59 -68 2431 0
-2431 59 68 -1671 0
-154 2431 68 1671 0
-154 2431 68 -59 0
2217 -1848 -2208 -2174 0
2217 -2174 2208 1848 0
-1637 -2693 -2833 2842 0
-2693 2833 2842 1637 0
-2277 2286 2217 1976 0
-1976 2286 2217 2277 0
2286 -2277 -2217 -1976 0
-2217 -2277 -2286 1976 0
-2286 -1976 -2217 2277 0
2286 -2217 1976 2277 0
2217 -1976 -2286 -2277 0
-2286 2217 2277 1976 0
-2605 -2699 2708 -899 0
-2605 2708 2699 899 0
2605 -2708 -2699 -899 0
-2605 -2708 899 -2699 0
2605 -2699 899 2708 0
-2605 -2708 -899 2699 0
-899 2708 2605 2699 0
-2708 2605 899 2699 0
-2396 -2315 2405 -1976 0
-1976 2405 2315 2396 0
-2396 -2405 -1976 2315 0
-2315 -2405 -1976 2396 0
-2396 -2315 1976 -2405 0
-2396 2405 2315 1976 0
-2315 2405 2396 1976 0
-2405 2315 2396 1976 0
-2503 -2596 2605 -2532 0
-2503 2605 2532 2596 0
2503 -2605 -2532 -2596 0
-2503 -2596 -2605 2532 0
-2596 2503 2605 2532 0
-2503 -2605 -2532 2596 0
-2532 2605 2503 2596 0
-2605 2503 2596 2532 0
2420 -2411 -2327 -1944 0
2420 -1944 2327 2411 0
-2420 -1944 2327 -2411 0
-2420 -2327 2411 -1944 0
-2420 -2411 -2327 1944 0
-2411 2420 2327 1944 0
-2327 2420 2411 1944 0
-2420 2327 2411 1944 0
2590 -2684 884 2693 0
2590 -884 2684 2693 0
-2684 -2590 2693 -884 0
-2693 -884 2590 -2684 0
-2590 -2693 884 -2684 0
-2590 -2693 -884 2684 0
-2590 2693 884 2684 0
-2693 2590 2684 884 0
-1427 1436 1357 1403 0
1436 -1403 1427 1357 0
-1357 -1427 -1403 1436 0
-1427 -1357 -1436 1403 0
-1357 1427 -1436 -1403 0
-1357 1436 1403 1427 0
-1427 -1436 1357 -1403 0
1403 -1436 1427 1357 0
2678 -2818 1464 2827 0
-1464 2678 2818 2827 0
-1464 -2818 -2678 2827 0
2678 -1464 -2818 -2827 0
-2678 -2827 -2818 1464 0
-2678 -1464 2818 -2827 0
-2678 1464 2818 2827 0
2678 -2827 2818 1464 0
-2663 -1449 2812 -2803 0
-2663 2803 2812 1449 0
-2663 1449 -2803 -2812 0
-2663 2803 -1449 -2812 0
-1449 -2803 2663 -2812 0
-2803 1449 2812 2663 0
-1449 2803 2663 2812 0
-2812 1449 2663 2803 0
-2848 -1652 2857 -2708 0
-2708 2848 2857 1652 0
-2848 -2857 2708 -1652 0
-2848 -2708 -2857 1652 0
-2848 1652 2708 2857 0
-1652 -2708 -2857 2848 0
-1652 2848 2708 2857 0
2708 -2857 2848 1652 0
2518 -2611 2620 2533 0
2518 -2533 2620 2611 0
-2611 -2518 -2533 2620 0
-2611 -2518 -2620 2533 0
-2620 -2518 -2533 2611 0
-2518 2620 2533 2611 0
-2611 2518 -2533 -2620 0
-2620 2518 2611 2533 0
-2223 2232 -2189 -1859 0
-2189 2223 1859 2232 0
-2232 -2223 -2189 1859 0
-2232 -2189 2223 -1859 0
-2223 -1859 2189 -2232 0
-2223 2232 2189 1859 0
-1859 2232 2223 2189 0
-2232 2223 1859 2189 0
-2151 -2156 -2180 2189 0
-2151 2189 2180 2156 0
-2189 -2151 -2180 2156 0
-2189 -2151 -2156 2180 0
-2189 -2180 2151 -2156 0
2151 -2180 2156 2189 0
2189 -2156 2151 2180 0
-2189 2151 2156 2180 0
-1470 1436 1106 1479 0
-1106 1436 1470 1479 0
-1470 -1106 -1436 1479 0
-1479 -1436 -1470 1106 0
-1106 -1436 -1479 1470 0
-1436 1470 1479 1106 0
-1470 1436 -1479 -1106 0
-1479 1436 1106 1470 0
-2494 2503 -2430 -2405 0
-2405 2503 2494 2430 0
-2503 -2494 -2405 2430 0
-2503 -2430 2494 -2405 0
-2494 2405 -2430 -2503 0
-2494 2405 2430 2503 0
-2430 2405 2494 2503 0
-2503 2405 2494 2430 0
2301 -1944 -2232 -2292 0
-2232 2301 2292 1944 0
-2301 -2292 -2232 1944 0
2292 -1944 -2232 -2301 0
-2301 -1944 2232 -2292 0
2301 -2292 2232 1944 0
-1944 2301 2292 2232 0
-2301 2292 2232 1944 0
-1848 -2217 -2208 2174 0
-2174 -2217 -2208 1848 0
2217 -2208 2174 1848 0
-1848 -2217 2208 -2174 0
2217 -1848 2208 2174 0
-2217 2208 2174 1848 0
-1637 -2842 2693 -2833 0
-2693 -2833 -2842 1637 0
-2833 2693 2842 1637 0
-1637 -2693 2833 -2842 0
-1637 2833 2693 2842 0
2833 -2842 2693 1637 0
1686 -1727 -1677 2118 0
-1993 -1727 2118 1677 0
-487 516 -493 -482 0
-1686 -1716 1733 1727 -1697 0
-1686 1697 1733 -1727 -1716 0
-1697 -1716 -1677 1733 1727 0
-1727 1697 -1677 1733 -1716 0
-1686 -1707 1733 1727 -1697 0
-1707 1733 1697 -1727 -1686 0
-1707 -1677 1733 1727 -1697 0
-1707 1733 1697 -1727 -1677 0
-2004 -1998 -1993 2036 2009 0
2036 -2009 -1993 1998 -2004 0
-1870 -1876 1908 1881 -1865 0
-1865 1870 1908 -1881 -1876 0
205 -175 -186 -4 0
-2142 -2118 -2114 2151 0
-2142 -2114 2118 -2151 0
-2118 -2151 -2114 2142 0
2151 -2114 2118 2142 0
-2142 -2151 2114 -2118 0
-2142 2151 2118 2114 0
2151 -2118 2114 2142 0
-2151 2114 2118 2142 0
-113 2532 128 -86 0
-2533 143 128 113 0
-128 2532 113 -86 0
-143 -86 2533 2532 128 0
-1912 -128 -1899 -59 0
-128 -59 1912 1899 0
-2027 -2040 -1677 -1707 0
-1707 -1677 2040 2027 0
-1686 59 -68 -1670 0
59 1686 -68 1670 0
68 -1686 59 1670 0
-1733 2327 2238 2307 0
2271 -2202 -2193 -1963 -1958 0
-1958 2202 -2271 -2193 -1963 0
-1958 -2202 1963 -2271 -2193 0
-1958 2277 2271 -2193 0
-1963 -2202 -2271 1958 0
2271 -2202 1963 1958 0
-2271 2202 1963 1958 0
-1963 -2202 -2271 2193 0
2271 -2202 2193 1963 0
-2271 2202 1963 2193 0
-1753 1748 -1670 1780 0
1485 -1403 1479 1554 0
482 -487 516 -493 0
-128 -1716 113 -143 0
-113 -1716 128 -143 0
143 -1716 -113 -128 0
-1716 143 128 113 0
-160 143 128 113 0
160 -113 154 -158 -86 0
86 -154 160 -158 -113 0
160 -128 154 -158 -86 0
160 -154 -128 -158 86 0
160 -143 -158 154 -86 0
86 -154 160 -158 -143 0
-1753 1780 -1670 -44 0
-2036 -1998 -2009 -2004 -1993 0
2036 -2009 -1993 1998 0
2004 -2009 2036 -1993 0
-2004 -1998 2036 2009 0
1993 -1998 2036 -2004 0
-1908 -1870 -1881 -1876 -1865 0
-1865 1870 1908 -1881 0
-1881 1876 -1865 1908 0
-1870 -1876 1908 1881 0
1865 -1870 -1876 1908 0
927 1283 -924 -1251 0
-2174 -2155 -2117 2104 0
-2174 -2104 -2155 2117 0
-2104 2174 -2117 -2155 0
-2155 2174 2117 2104 0
-2174 -2104 -2117 2155 0
-2174 2104 2155 2117 0
-2117 2174 2155 2104 0
-2104 2174 2155 2117 0
-2315 -1733 2307 -2238 0
-2315 -2307 -1733 2238 0
-2315 2307 2238 1733 0
-1733 2315 2307 2238 0
-2238 2327 1733 2315 0
-2307 2327 -2238 1733 0
2327 -2307 1733 2315 0
-2307 2327 -2238 2315 0
1403 -944 -924 -14 0
1403 -944 14 -924 0
1403 -14 -927 -944 0
1403 -927 14 -944 0
-2037 -2072 -2036 2061 0
-2037 -2061 2072 -2036 0
-2061 -2037 2036 -2072 0
-2037 2036 2072 2061 0
-2036 -2072 -2061 2037 0
-2036 2072 2037 2061 0
2061 -2072 2036 2037 0
-2061 2072 2036 2037 0
1308 1337 -1274 1405 0
1337 1308 -1405 1284 0
-1262 -1337 -1274 1405 0
1337 1274 -1262 1405 0
-1262 -1405 -1337 1284 0
1337 -1274 1262 1405 0
1405 1274 -1337 1262 0
1337 1284 -1405 1262 0
-1405 -1449 -1337 1579 0
-1337 -1579 -1405 1449 0
-1449 -1337 -1579 1405 0
1337 -1579 -1405 -1449 0
1337 -1449 1579 1405 0
1337 -1579 1449 1405 0
143 -2532 2533 128 0
2174 -2117 2180 2142 0
-2104 2174 2180 2142 0
-1479 1652 1658 1637 0
1351 -1308 1295 1357 0
-1295 1308 1351 1357 0
-1308 -1351 1295 -1262 0
-1295 1308 -1262 -1351 0
-1308 -1295 1262 -1351 0
-1351 1308 1262 1295 0
-2345 -2193 -1958 1848 0
-1848 -1958 -2345 2193 0
2193 -1958 2351 2345 0
-1848 -2193 -2345 1958 0
-2193 2345 1958 2351 0
-2345 2193 1958 1848 0
-1464 -2737 2878 -3075 0
-2878 -1464 2737 -3075 0
-2878 -2737 1464 -3075 0
-3075 2878 2737 1464 0
-2737 -2878 3075 -1464 0
-1464 2878 2737 3075 0
-50 4 -7 -86 0
68 -7 -50 -86 0
-4 -68 7 50 0
-1554 -1479 -1403 1485 0
-1479 -1554 1403 -1485 0
-1554 -1485 -1403 1479 0
1479 -1554 1403 1485 0
-1479 -1485 -1403 1554 0
-1479 1554 1403 1485 0
1485 -1403 1479 1554 0
-1485 1403 1554 1479 0
-2878 2737 3075 1464 0
-2737 2878 3075 1464 0
-1727 1716 -113 -143 0
-143 1716 128 113 0
-128 143 113 1716 0
-2857 1592 2842 1579 0
-1592 2857 2842 1579 0
-3060 1592 2842 1579 0
-2842 2827 3015 1579 0
3015 -1579 2827 2842 0
1912 -1920 -1908 -1899 0
1912 -1956 -1908 -1899 1920 0
1912 -1899 1956 1920 1908 0
1899 -1956 1920 1908 0
-1908 1899 1920 1956 0
1908 -1956 1920 -1912 0
1920 -1908 1956 -1912 0
924 1274 -927 -1251 0
927 1274 -924 -1251 0
186 -175 -205 -4 0
-1956 -1933 -1908 -1920 0
-1920 1908 -1933 1956 0
-1920 -1956 1908 1933 0
-1920 1933 1956 -1908 0
-1464 -2737 1652 -3075 0
1780 -1771 1848 1784 0
-113 1716 143 128 0
-1780 -1859 1784 -1771 0
-1652 2878 2737 1464 0
-1780 -1784 1848 -1859 0
-1784 1859 1780 1848 0
-1848 -1859 1780 1784 0
-1848 -1780 1784 1859 0
-1859 1780 1784 1771 0
2729 -1652 -160 1637 0
-1652 1464 2729 -160 0
-3075 1652 160 -1464 0
-1637 -2737 160 -2878 -1464 0
-2729 -1464 1652 -3075 0
-2729 -1637 -2737 -2878 -1464 0
-1031 1106 1039 -6 0
-1106 -1039 -6 -1031 0
1652 -1637 -3075 -1464 0
-1637 2878 2729 -160 0
